#
# There is insufficient memory for the Java Runtime Environment to continue.
# Native memory allocation (mmap) failed to map 266338304 bytes for Failed to commit area from 0x0000000703a00000 to 0x0000000713800000 of length 266338304.
# Possible reasons:
#   The system is out of physical RAM or swap space
#   The process is running with CompressedOops enabled, and the Java Heap may be blocking the growth of the native heap
# Possible solutions:
#   Reduce memory load on the system
#   Increase physical memory or swap space
#   Check if swap backing store is full
#   Decrease Java heap size (-Xmx/-Xms)
#   Decrease number of Java threads
#   Decrease Java thread stack sizes (-Xss)
#   Set larger code cache with -XX:ReservedCodeCacheSize=
# This output file may be truncated or incomplete.
#
#  Out of Memory Error (./src/hotspot/os/windows/os_windows.cpp:3301), pid=23268, tid=18668
#
# JRE version:  (11.0.10) (build )
# Java VM: OpenJDK 64-Bit Server VM (11.0.10+0-b96-7249189, mixed mode, sharing, tiered, compressed oops, g1 gc, windows-amd64)
# No core dump will be written. Minidumps are not enabled by default on client versions of Windows
#

---------------  S U M M A R Y ------------

Command Line: org.jetbrains.kotlin.cli.jvm.K2JVMCompiler @D:\NourProject\app\build\20221126_16483448327932744302.compiler.options

Host: 11th Gen Intel(R) Core(TM) i7-11800H @ 2.30GHz, 16 cores, 15G,  Windows 10 , 64 bit Build 22000 (10.0.22000.1219)
Time: Sat Nov 26 05:20:00 2022 Egypt Standard Time elapsed time: 0.011459 seconds (0d 0h 0m 0s)

---------------  T H R E A D  ---------------

Current thread (0x000001b1e0920000):  JavaThread "Unknown thread" [_thread_in_vm, id=18668, stack(0x000000a106300000,0x000000a106400000)]

Stack: [0x000000a106300000,0x000000a106400000]
Native frames: (J=compiled Java code, j=interpreted, Vv=VM code, C=native code)
V  [jvm.dll+0x5ecfaa]
V  [jvm.dll+0x722bd5]
V  [jvm.dll+0x72412d]
V  [jvm.dll+0x7247e3]
V  [jvm.dll+0x242928]
V  [jvm.dll+0x5ea374]
V  [jvm.dll+0x5df425]
V  [jvm.dll+0x2fdebb]
V  [jvm.dll+0x2fde2a]
V  [jvm.dll+0x2fdd02]
V  [jvm.dll+0x302bf6]
V  [jvm.dll+0x34b2a3]
V  [jvm.dll+0x34b9a6]
V  [jvm.dll+0x34b3a3]
V  [jvm.dll+0x2d8888]
V  [jvm.dll+0x2d9a37]
V  [jvm.dll+0x701737]
V  [jvm.dll+0x702f2c]
V  [jvm.dll+0x3587d9]
V  [jvm.dll+0x6e4fae]
V  [jvm.dll+0x3c0be3]
V  [jvm.dll+0x3c2e91]
C  [jli.dll+0x5373]
C  [ucrtbase.dll+0x26c0c]
C  [KERNEL32.DLL+0x15550]
C  [ntdll.dll+0x485b]


---------------  P R O C E S S  ---------------

Threads class SMR info:
_java_thread_list=0x000001b1de716970, length=0, elements={
}

Java Threads: ( => current thread )

Other Threads:
  0x000001b1e0937000 GCTaskThread "GC Thread#0" [stack: 0x000000a106400000,0x000000a106500000] [id=31324]
  0x000001b1e0994000 ConcurrentGCThread "G1 Main Marker" [stack: 0x000000a106500000,0x000000a106600000] [id=10916]
  0x000001b1e0997000 ConcurrentGCThread "G1 Conc#0" [stack: 0x000000a106600000,0x000000a106700000] [id=28184]

[error occurred during error reporting (printing all threads), id 0xc0000005, EXCEPTION_ACCESS_VIOLATION (0xc0000005) at pc=0x00007ffe914b9107]

VM state:not at safepoint (not fully initialized)

VM Mutex/Monitor currently owned by a thread:  ([mutex/lock_event])
[0x000001b1e091b1a0] Heap_lock - owner thread: 0x000001b1e0920000

Heap address: 0x0000000703a00000, size: 4038 MB, Compressed Oops mode: Non-zero based: 0x0000000703a00000
Narrow klass base: 0x0000000000000000, Narrow klass shift: 0

GC Heap History (0 events):
No events

Deoptimization events (0 events):
No events

Classes redefined (0 events):
No events

Internal exceptions (0 events):
No events

Events (1 events):
Event: 0.007 Loaded shared library C:\Program Files\Android\Android Studio\jre\bin\zip.dll


Dynamic libraries:
0x00007ff6f4110000 - 0x00007ff6f411a000 	C:\Program Files\Android\Android Studio\jre\bin\java.exe
0x00007fff760e0000 - 0x00007fff762e9000 	C:\WINDOWS\SYSTEM32\ntdll.dll
0x00007fff74480000 - 0x00007fff7453e000 	C:\WINDOWS\System32\KERNEL32.DLL
0x00007fff73620000 - 0x00007fff7399b000 	C:\WINDOWS\System32\KERNELBASE.dll
0x00007fff521c0000 - 0x00007fff521d7000 	C:\Program Files\Android\Android Studio\jre\bin\VCRUNTIME140.dll
0x00007fff51f90000 - 0x00007fff51fa9000 	C:\Program Files\Android\Android Studio\jre\bin\jli.dll
0x00007fff73be0000 - 0x00007fff73cf1000 	C:\WINDOWS\System32\ucrtbase.dll
0x00007fff75e50000 - 0x00007fff75ffd000 	C:\WINDOWS\System32\USER32.dll
0x00007fff4d1a0000 - 0x00007fff4d445000 	C:\WINDOWS\WinSxS\amd64_microsoft.windows.common-controls_6595b64144ccf1df_6.0.22000.120_none_9d947278b86cc467\COMCTL32.dll
0x00007fff73f30000 - 0x00007fff73f56000 	C:\WINDOWS\System32\win32u.dll
0x00007fff73f60000 - 0x00007fff74003000 	C:\WINDOWS\System32\msvcrt.dll
0x00007fff76000000 - 0x00007fff76029000 	C:\WINDOWS\System32\GDI32.dll
0x00007fff739a0000 - 0x00007fff73ab8000 	C:\WINDOWS\System32\gdi32full.dll
0x00007fff73b40000 - 0x00007fff73bdd000 	C:\WINDOWS\System32\msvcp_win.dll
0x00007fff75020000 - 0x00007fff75052000 	C:\WINDOWS\System32\IMM32.DLL
0x00007fff46450000 - 0x00007fff464ed000 	C:\Program Files\Android\Android Studio\jre\bin\msvcp140.dll
0x00007ffe911d0000 - 0x00007ffe91c9f000 	C:\Program Files\Android\Android Studio\jre\bin\server\jvm.dll
0x00007fff75740000 - 0x00007fff757ee000 	C:\WINDOWS\System32\ADVAPI32.dll
0x00007fff758d0000 - 0x00007fff7596e000 	C:\WINDOWS\System32\sechost.dll
0x00007fff75100000 - 0x00007fff75220000 	C:\WINDOWS\System32\RPCRT4.dll
0x00007fff74320000 - 0x00007fff74328000 	C:\WINDOWS\System32\PSAPI.DLL
0x00007fff52060000 - 0x00007fff52069000 	C:\WINDOWS\SYSTEM32\WSOCK32.dll
0x00007fff65510000 - 0x00007fff65543000 	C:\WINDOWS\SYSTEM32\WINMM.dll
0x00007fff76030000 - 0x00007fff7609f000 	C:\WINDOWS\System32\WS2_32.dll
0x00007fff71160000 - 0x00007fff7116a000 	C:\WINDOWS\SYSTEM32\VERSION.dll
0x00007fff72720000 - 0x00007fff72738000 	C:\WINDOWS\SYSTEM32\kernel.appcore.dll
0x00007fff42e30000 - 0x00007fff42e41000 	C:\Program Files\Android\Android Studio\jre\bin\verify.dll
0x00007fff70720000 - 0x00007fff70941000 	C:\WINDOWS\SYSTEM32\DBGHELP.DLL
0x00007fff4ed60000 - 0x00007fff4ed91000 	C:\WINDOWS\SYSTEM32\dbgcore.DLL
0x00007fff73ac0000 - 0x00007fff73b3f000 	C:\WINDOWS\System32\bcryptPrimitives.dll
0x00007ffefa850000 - 0x00007ffefa879000 	C:\Program Files\Android\Android Studio\jre\bin\java.dll
0x00007fff6f660000 - 0x00007fff6f66b000 	C:\Program Files\Android\Android Studio\jre\bin\jimage.dll
0x00007fff3db30000 - 0x00007fff3db48000 	C:\Program Files\Android\Android Studio\jre\bin\zip.dll

dbghelp: loaded successfully - version: 4.0.5 - missing functions: none
symbol engine: initialized successfully - sym options: 0x614 - pdb path: .;C:\Program Files\Android\Android Studio\jre\bin;C:\WINDOWS\SYSTEM32;C:\WINDOWS\WinSxS\amd64_microsoft.windows.common-controls_6595b64144ccf1df_6.0.22000.120_none_9d947278b86cc467;C:\Program Files\Android\Android Studio\jre\bin\server

VM Arguments:
java_command: org.jetbrains.kotlin.cli.jvm.K2JVMCompiler @D:\NourProject\app\build\20221126_16483448327932744302.compiler.options
java_class_path (initial): C:\Users\Python\.gradle\caches\modules-2\files-2.1\org.jetbrains.kotlin\kotlin-compiler-embeddable\1.6.10\88f2073f4020cdb83132cfe940ceb9a60aba54ea\kotlin-compiler-embeddable-1.6.10.jar;C:\Users\Python\.gradle\caches\modules-2\files-2.1\org.jetbrains.kotlin\kotlin-reflect\1.6.10\1cbe9c92c12a94eea200d23c2bbaedaf3daf5132\kotlin-reflect-1.6.10.jar;C:\Users\Python\.gradle\caches\modules-2\files-2.1\org.jetbrains.kotlin\kotlin-stdlib\1.6.10\b8af3fe6f1ca88526914929add63cf5e7c5049af\kotlin-stdlib-1.6.10.jar;C:\Users\Python\.gradle\caches\modules-2\files-2.1\org.jetbrains.kotlin\kotlin-script-runtime\1.6.10\d0a7ff2e2500ef497ed0214ae40ad3c8387a6164\kotlin-script-runtime-1.6.10.jar;C:\Users\Python\.gradle\caches\modules-2\files-2.1\org.jetbrains.kotlin\kotlin-daemon-embeddable\1.6.10\a56d79bcbea411fa6058e4ecffc2de73e742bd2a\kotlin-daemon-embeddable-1.6.10.jar;C:\Users\Python\.gradle\caches\modules-2\files-2.1\org.jetbrains.intellij.deps\trove4j\1.0.20181211\216c2e14b070f334479d800987affe4054cd563f\trove4j-1.0.20181211.jar;C:\Users\Python\.gradle\caches\modules-2\files-2.1\net.java.dev.jna\jna\5.6.0\330f2244e9030119ab3030fc3fededc86713d9cc\jna-5.6.0.jar;C:\Users\Python\.gradle\caches\modules-2\files-2.1\org.jetbrains\annotations\13.0\919f0dfe192fb4e063e7dacadee7f8bb9a2672a9\annotations-13.0.jar;C:\Users\Python\.gradle\caches\modules-2\files-2.1\org.jetbrains.kotlin\kotlin-stdlib-common\1.6.10\c118700e3a33c8a0d9adc920e9dec0831171925\kotlin-stdlib-common-1.6.10.jar
Launcher Type: SUN_STANDARD

[Global flags]
     intx CICompilerCount                          = 12                                        {product} {ergonomic}
     uint ConcGCThreads                            = 3                                         {product} {ergonomic}
     uint G1ConcRefinementThreads                  = 13                                        {product} {ergonomic}
   size_t G1HeapRegionSize                         = 1048576                                   {product} {ergonomic}
    uintx GCDrainStackTargetSize                   = 64                                        {product} {ergonomic}
   size_t InitialHeapSize                          = 266338304                                 {product} {ergonomic}
   size_t MarkStackSize                            = 4194304                                   {product} {ergonomic}
   size_t MaxHeapSize                              = 4234149888                                {product} {ergonomic}
   size_t MinHeapDeltaBytes                        = 1048576                                   {product} {ergonomic}
    uintx NonNMethodCodeHeapSize                   = 7594288                                {pd product} {ergonomic}
    uintx NonProfiledCodeHeapSize                  = 122031976                              {pd product} {ergonomic}
    uintx ProfiledCodeHeapSize                     = 122031976                              {pd product} {ergonomic}
    uintx ReservedCodeCacheSize                    = 251658240                              {pd product} {ergonomic}
     bool SegmentedCodeCache                       = true                                      {product} {ergonomic}
     bool UseCompressedClassPointers               = true                                 {lp64_product} {ergonomic}
     bool UseCompressedOops                        = true                                 {lp64_product} {ergonomic}
     bool UseG1GC                                  = true                                      {product} {ergonomic}
     bool UseLargePagesIndividualAllocation        = false                                  {pd product} {ergonomic}

Logging:
Log output configuration:
 #0: stdout all=warning uptime,level,tags
 #1: stderr all=off uptime,level,tags

Environment Variables:
PATH=C:\Program Files (x86)\NVIDIA Corporation\PhysX\Common;C:\Program Files (x86)\Common Files\Oracle\Java\javapath;C:\Windows\system32;C:\Windows;C:\Windows\System32\Wbem;C:\Windows\System32\WindowsPowerShell\v1.0\;C:\Windows\System32\OpenSSH\;C:\Program Files\nodejs\;C:\Program Files\Git\cmd;C:\Program Files\dotnet\;C:\WINDOWS\system32;C:\WINDOWS;C:\WINDOWS\System32\Wbem;C:\WINDOWS\System32\WindowsPowerShell\v1.0\;C:\WINDOWS\System32\OpenSSH\;;C:\Program Files\NVIDIA Corporation\NVIDIA NvDLISR;C:\Program Files\Microsoft SQL Server\Client SDK\ODBC\110\Tools\Binn\;C:\Program Files (x86)\Microsoft SQL Server\120\Tools\Binn\;C:\Program Files\Microsoft SQL Server\120\Tools\Binn\;C:\Program Files\Microsoft SQL Server\120\DTS\Binn\;C:\Program Files (x86)\Windows Kits\8.1\Windows Performance Toolkit\;C:\Program Files\Filestar;C:\ProgramData\Filestar\aliases;C:\Program Files\Cloudflare\Cloudflare WARP\;C:\Users\Python\AppData\Local\Microsoft\WindowsApps;C:\Users\Python\AppData\Local\GitHubDesktop\bin;C:\Users\Python\AppData\Local\Programs\Microsoft VS Code\bin;C:\Users\Python\AppData\Roaming\npm;C:\Users\Python\.dotnet\tools;C:\Program Files\JetBrains\CLion 2021.2.3\bin;;
USERNAME=Python
OS=Windows_NT
PROCESSOR_IDENTIFIER=Intel64 Family 6 Model 141 Stepping 1, GenuineIntel



---------------  S Y S T E M  ---------------

OS: Windows 10 , 64 bit Build 22000 (10.0.22000.1219)
OS uptime: 12 days 6:08 hours

CPU:total 16 (initial active 16) (8 cores per cpu, 2 threads per core) family 6 model 141 stepping 1 microcode 0x3c, cmov, cx8, fxsr, mmx, sse, sse2, sse3, ssse3, sse4.1, sse4.2, popcnt, avx, avx2, aes, clmul, erms, 3dnowpref, lzcnt, ht, tsc, tscinvbit, bmi1, bmi2, adx, evex, sha, fma

Memory: 4k page, system-wide physical 16151M (453M free)
TotalPageFile size 52199M (AvailPageFile size 27M)
current process WorkingSet (physical memory assigned to process): 10M, peak: 10M
current process commit charge ("private bytes"): 71M, peak: 325M

vm_info: OpenJDK 64-Bit Server VM (11.0.10+0-b96-7249189) for windows-amd64 JRE (11.0.10+0-b96-7249189), built on Mar 31 2021 21:44:00 by "builder" with MS VC++ 14.0 (VS2015)

END.
